<?xml version="1.0" encoding="UTF-8"?>
<!-- Generated by org.testng.reporters.JUnitReportReporter -->
<testsuite hostname="LAPTOP-6DDHJJBU" failures="0" tests="2" name="test.java.NewTestpom1" time="0.017" errors="0" timestamp="26 Oct 2018 08:52:32 GMT" skipped="0">
  <testcase classname="test.java.NewTestpom1" name="dummytesting1" time="0.015"/>
  <testcase classname="test.java.NewTestpom1" name="dummytesting3" time="0.002"/>
</testsuite> <!-- test.java.NewTestpom1 -->
