<?xml version="1.0" encoding="UTF-8"?>
<!-- Generated by org.testng.reporters.JUnitReportReporter -->
<testsuite hostname="LAPTOP-6DDHJJBU" failures="0" tests="1" name="test.NewTestpom" time="0.010" errors="0" timestamp="24 Oct 2018 13:24:05 GMT" skipped="0">
  <testcase classname="test.NewTestpom" name="dummytest" time="0.010"/>
</testsuite> <!-- test.NewTestpom -->
