<?xml version="1.0" encoding="UTF-8"?>
<!-- Generated by org.testng.reporters.JUnitReportReporter -->
<testsuite hostname="LAPTOP-6DDHJJBU" failures="0" tests="2" name="test.java.Test99GuruLogin" time="3.370" errors="0" timestamp="30 Oct 2018 10:57:29 GMT" skipped="0">
  <testcase classname="test.java.Test99GuruLogin" name="test_Login_Page" time="0.950"/>
  <testcase classname="test.java.Test99GuruLogin" name="test_Home_Page" time="2.420"/>
</testsuite> <!-- test.java.Test99GuruLogin -->
