<?xml version="1.0" encoding="UTF-8"?>
<!-- Generated by org.testng.reporters.JUnitReportReporter -->
<testsuite hostname="LAPTOP-6DDHJJBU" failures="0" tests="1" name="test.java.NewTestpom" time="0.007" errors="0" timestamp="26 Oct 2018 08:21:17 GMT" skipped="0">
  <testcase classname="test.java.NewTestpom" name="dummytest" time="0.007"/>
</testsuite> <!-- test.java.NewTestpom -->
