<?xml version="1.0" encoding="UTF-8"?>
<!-- Generated by org.testng.reporters.JUnitReportReporter -->
<testsuite hostname="LAPTOP-6DDHJJBU" failures="0" tests="2" name="test.Test99GuruLogin" time="2.772" errors="0" timestamp="24 Oct 2018 13:24:05 GMT" skipped="0">
  <testcase classname="test.Test99GuruLogin" name="test_Login_Page" time="0.415"/>
  <testcase classname="test.Test99GuruLogin" name="test_Home_Page" time="2.357"/>
</testsuite> <!-- test.Test99GuruLogin -->
